# JRE version: OpenJDK Runtime Environment (8.0_252-b09) (build 1.8.0_252-8u252-b09-1~18.04-b09)
# Java VM: OpenJDK 64-Bit Server VM (25.252-b09 mixed mode linux-amd64 compressed oops)
Heap:
 PSYoungGen      total 148480K, used 21476K [0x00000000d6a00000, 0x00000000e1400000, 0x0000000100000000)
  eden space 126976K, 0% used [0x00000000d6a00000,0x00000000d6a00000,0x00000000de600000)
  from space 21504K, 99% used [0x00000000de600000,0x00000000dfaf9150,0x00000000dfb00000)
  to   space 17408K, 0% used [0x00000000dfb00000,0x00000000dfb00000,0x00000000e0c00000)
 ParOldGen       total 86016K, used 37988K [0x0000000083e00000, 0x0000000089200000, 0x00000000d6a00000)
  object space 86016K, 44% used [0x0000000083e00000,0x00000000863190b0,0x0000000089200000)
 Metaspace       used 19886K, capacity 19961K, committed 20096K, reserved 1067008K
  class space    used 2364K, capacity 2397K, committed 2432K, reserved 1048576K
GC Heap History (10 events):
Event: 3.207 GC heap after
Heap after GC invocations=2 (full 0):
 PSYoungGen      total 37888K, used 5113K [0x00000000d6a00000, 0x00000000db400000, 0x0000000100000000)
  eden space 32768K, 0% used [0x00000000d6a00000,0x00000000d6a00000,0x00000000d8a00000)
  from space 5120K, 99% used [0x00000000d8f00000,0x00000000d93fe470,0x00000000d9400000)
  to   space 5120K, 0% used [0x00000000d8a00000,0x00000000d8a00000,0x00000000d8f00000)
 ParOldGen       total 86016K, used 3868K [0x0000000083e00000, 0x0000000089200000, 0x00000000d6a00000)
  object space 86016K, 4% used [0x0000000083e00000,0x00000000841c7298,0x0000000089200000)
 Metaspace       used 9336K, capacity 9400K, committed 9600K, reserved 1058816K
  class space    used 1122K, capacity 1144K, committed 1152K, reserved 1048576K
}
Event: 3.596 GC heap before
{Heap before GC invocations=3 (full 0):
 PSYoungGen      total 37888K, used 37881K [0x00000000d6a00000, 0x00000000db400000, 0x0000000100000000)
  eden space 32768K, 100% used [0x00000000d6a00000,0x00000000d8a00000,0x00000000d8a00000)
  from space 5120K, 99% used [0x00000000d8f00000,0x00000000d93fe470,0x00000000d9400000)
  to   space 5120K, 0% used [0x00000000d8a00000,0x00000000d8a00000,0x00000000d8f00000)
 ParOldGen       total 86016K, used 3868K [0x0000000083e00000, 0x0000000089200000, 0x00000000d6a00000)
  object space 86016K, 4% used [0x0000000083e00000,0x00000000841c7298,0x0000000089200000)
 Metaspace       used 12176K, capacity 12300K, committed 12544K, reserved 1060864K
  class space    used 1427K, capacity 1464K, committed 1536K, reserved 1048576K
Event: 3.620 GC heap after
Heap after GC invocations=3 (full 0):
 PSYoungGen      total 37888K, used 5114K [0x00000000d6a00000, 0x00000000db400000, 0x0000000100000000)
  eden space 32768K, 0% used [0x00000000d6a00000,0x00000000d6a00000,0x00000000d8a00000)
  from space 5120K, 99% used [0x00000000d8a00000,0x00000000d8efea90,0x00000000d8f00000)
  to   space 5120K, 0% used [0x00000000daf00000,0x00000000daf00000,0x00000000db400000)
 ParOldGen       total 86016K, used 6592K [0x0000000083e00000, 0x0000000089200000, 0x00000000d6a00000)
  object space 86016K, 7% used [0x0000000083e00000,0x0000000084470170,0x0000000089200000)
 Metaspace       used 12176K, capacity 12300K, committed 12544K, reserved 1060864K
  class space    used 1427K, capacity 1464K, committed 1536K, reserved 1048576K
}
Event: 5.119 GC heap before
{Heap before GC invocations=4 (full 0):
 PSYoungGen      total 37888K, used 37882K [0x00000000d6a00000, 0x00000000db400000, 0x0000000100000000)
  eden space 32768K, 100% used [0x00000000d6a00000,0x00000000d8a00000,0x00000000d8a00000)
  from space 5120K, 99% used [0x00000000d8a00000,0x00000000d8efea90,0x00000000d8f00000)
  to   space 5120K, 0% used [0x00000000daf00000,0x00000000daf00000,0x00000000db400000)
 ParOldGen       total 86016K, used 6592K [0x0000000083e00000, 0x0000000089200000, 0x00000000d6a00000)
  object space 86016K, 7% used [0x0000000083e00000,0x0000000084470170,0x0000000089200000)
 Metaspace       used 15477K, capacity 15611K, committed 15744K, reserved 1062912K
  class space    used 1796K, capacity 1848K, committed 1920K, reserved 1048576K
Event: 5.131 GC heap after
Heap after GC invocations=4 (full 0):
 PSYoungGen      total 70656K, used 5114K [0x00000000d6a00000, 0x00000000db400000, 0x0000000100000000)
  eden space 65536K, 0% used [0x00000000d6a00000,0x00000000d6a00000,0x00000000daa00000)
  from space 5120K, 99% used [0x00000000daf00000,0x00000000db3feab0,0x00000000db400000)
  to   space 5120K, 0% used [0x00000000daa00000,0x00000000daa00000,0x00000000daf00000)
 ParOldGen       total 86016K, used 12528K [0x0000000083e00000, 0x0000000089200000, 0x00000000d6a00000)
  object space 86016K, 14% used [0x0000000083e00000,0x0000000084a3c3a0,0x0000000089200000)
 Metaspace       used 15477K, capacity 15611K, committed 15744K, reserved 1062912K
  class space    used 1796K, capacity 1848K, committed 1920K, reserved 1048576K
}
Event: 7.678 GC heap before
{Heap before GC invocations=5 (full 0):
 PSYoungGen      total 70656K, used 70650K [0x00000000d6a00000, 0x00000000db400000, 0x0000000100000000)
  eden space 65536K, 100% used [0x00000000d6a00000,0x00000000daa00000,0x00000000daa00000)
  from space 5120K, 99% used [0x00000000daf00000,0x00000000db3feab0,0x00000000db400000)
  to   space 5120K, 0% used [0x00000000daa00000,0x00000000daa00000,0x00000000daf00000)
 ParOldGen       total 86016K, used 12528K [0x0000000083e00000, 0x0000000089200000, 0x00000000d6a00000)
  object space 86016K, 14% used [0x0000000083e00000,0x0000000084a3c3a0,0x0000000089200000)
 Metaspace       used 18540K, capacity 18631K, committed 18944K, reserved 1067008K
  class space    used 2259K, capacity 2298K, committed 2304K, reserved 1048576K
Event: 7.710 GC heap after
Heap after GC invocations=5 (full 0):
 PSYoungGen      total 70656K, used 5114K [0x00000000d6a00000, 0x00000000e0c00000, 0x0000000100000000)
  eden space 65536K, 0% used [0x00000000d6a00000,0x00000000d6a00000,0x00000000daa00000)
  from space 5120K, 99% used [0x00000000daa00000,0x00000000daefeb40,0x00000000daf00000)
  to   space 17408K, 0% used [0x00000000dfb00000,0x00000000dfb00000,0x00000000e0c00000)
 ParOldGen       total 86016K, used 25267K [0x0000000083e00000, 0x0000000089200000, 0x00000000d6a00000)
  object space 86016K, 29% used [0x0000000083e00000,0x00000000856acc58,0x0000000089200000)
 Metaspace       used 18540K, capacity 18631K, committed 18944K, reserved 1067008K
  class space    used 2259K, capacity 2298K, committed 2304K, reserved 1048576K
}
Event: 10.206 GC heap before
{Heap before GC invocations=6 (full 0):
 PSYoungGen      total 70656K, used 70650K [0x00000000d6a00000, 0x00000000e0c00000, 0x0000000100000000)
  eden space 65536K, 100% used [0x00000000d6a00000,0x00000000daa00000,0x00000000daa00000)
  from space 5120K, 99% used [0x00000000daa00000,0x00000000daefeb40,0x00000000daf00000)
  to   space 17408K, 0% used [0x00000000dfb00000,0x00000000dfb00000,0x00000000e0c00000)
 ParOldGen       total 86016K, used 25267K [0x0000000083e00000, 0x0000000089200000, 0x00000000d6a00000)
  object space 86016K, 29% used [0x0000000083e00000,0x00000000856acc58,0x0000000089200000)
 Metaspace       used 18644K, capacity 18797K, committed 19072K, reserved 1067008K
  class space    used 2267K, capacity 2331K, committed 2432K, reserved 1048576K
Event: 10.223 GC heap after
Heap after GC invocations=6 (full 0):
 PSYoungGen      total 144384K, used 17399K [0x00000000d6a00000, 0x00000000e1400000, 0x0000000100000000)
  eden space 126976K, 0% used [0x00000000d6a00000,0x00000000d6a00000,0x00000000de600000)
  from space 17408K, 99% used [0x00000000dfb00000,0x00000000e0bfdd78,0x00000000e0c00000)
  to   space 21504K, 0% used [0x00000000de600000,0x00000000de600000,0x00000000dfb00000)
 ParOldGen       total 86016K, used 27014K [0x0000000083e00000, 0x0000000089200000, 0x00000000d6a00000)
  object space 86016K, 31% used [0x0000000083e00000,0x0000000085861ab8,0x0000000089200000)
 Metaspace       used 18644K, capacity 18797K, committed 19072K, reserved 1067008K
  class space    used 2267K, capacity 2331K, committed 2432K, reserved 1048576K
}
Event: 14.787 GC heap before
{Heap before GC invocations=7 (full 0):
 PSYoungGen      total 144384K, used 144375K [0x00000000d6a00000, 0x00000000e1400000, 0x0000000100000000)
  eden space 126976K, 100% used [0x00000000d6a00000,0x00000000de600000,0x00000000de600000)
  from space 17408K, 99% used [0x00000000dfb00000,0x00000000e0bfdd78,0x00000000e0c00000)
  to   space 21504K, 0% used [0x00000000de600000,0x00000000de600000,0x00000000dfb00000)
 ParOldGen       total 86016K, used 27014K [0x0000000083e00000, 0x0000000089200000, 0x00000000d6a00000)
  object space 86016K, 31% used [0x0000000083e00000,0x0000000085861ab8,0x0000000089200000)
 Metaspace       used 19886K, capacity 19961K, committed 20096K, reserved 1067008K
  class space    used 2364K, capacity 2397K, committed 2432K, reserved 1048576K

